{"level":"info","message":"⌛ Building environment","timeElapsed":166,"timestamp":"2024-12-07T15:25:04.833Z"}
{"level":"info","message":"onRequest - WORKSPACE_URI:file:///c%3A/Users/usuario/Desktop/Facultad/Repositorios/Parcial-Rondini-Objetos","timestamp":"2024-12-07T15:25:04.837Z"}
{"level":"info","message":"⌛ Building environment","timeElapsed":147,"timestamp":"2024-12-07T15:25:04.987Z"}
{"level":"info","message":"⌛ Building environment","timeElapsed":119,"timestamp":"2024-12-07T15:25:05.197Z"}
{"level":"info","message":"⌛ Validating file:///c%3A/Users/usuario/Desktop/parcialRondiniObjetos/rondini/parcial.wlk","timeElapsed":149,"timestamp":"2024-12-07T15:25:05.346Z"}
{"level":"info","message":"⌛ Building environment","timeElapsed":102,"timestamp":"2024-12-07T15:25:05.450Z"}
{"level":"info","message":"⌛ Validating file:///c%3A/Users/usuario/Desktop/parcialRondiniObjetos/rondini/parcialtest.wtest","timeElapsed":124,"timestamp":"2024-12-07T15:25:05.583Z"}
{"level":"info","message":"⌛ Validating file:///c%3A/Users/usuario/Desktop/parcialRondiniObjetos/rondini/parcial.wlk","timeElapsed":124,"timestamp":"2024-12-07T15:25:05.712Z"}
{"level":"info","message":"⌛ Validating file:///c%3A/Users/usuario/Desktop/parcialRondiniObjetos/rondini/parcialtest.wtest","timeElapsed":119,"timestamp":"2024-12-07T15:25:05.831Z"}
{"level":"info","message":"⌛ Building environment","timeElapsed":118,"timestamp":"2024-12-07T15:25:09.095Z"}
{"level":"info","message":"⌛ Validating file:///c%3A/Users/usuario/Desktop/parcialRondiniObjetos/rondini/parcial.wlk","timeElapsed":103,"timestamp":"2024-12-07T15:25:29.390Z"}
{"level":"info","message":"⌛ Building environment","timeElapsed":101,"timestamp":"2024-12-07T15:25:33.002Z"}
{"level":"info","message":"⌛ Building environment","timeElapsed":187,"timestamp":"2024-12-07T15:25:45.915Z"}
{"level":"info","message":"onRequest - STRONG_FILES_CHANGED:c:\\Users\\usuario\\Desktop\\parcialRondiniObjetos\\rondini\\parcial.wlk","timestamp":"2024-12-07T15:25:45.926Z"}
{"level":"info","message":"⌛ Building environment","timeElapsed":143,"timestamp":"2024-12-07T15:25:46.070Z"}
{"level":"info","message":"⌛ Building environment","timeElapsed":110,"timestamp":"2024-12-07T15:25:46.180Z"}
{"level":"info","message":"⌛ Validating parcial.wlk","timeElapsed":134,"timestamp":"2024-12-07T15:25:46.315Z"}
{"level":"info","message":"Removing diagnostics from \\Users\\usuario\\Desktop\\parcialRondiniObjetos\\rondini\\parcial.wlk","timestamp":"2024-12-07T15:25:46.316Z"}
{"level":"info","message":"onRequest - WORKSPACE_URI:file:///c%3A/Users/usuario/Desktop/Facultad/Repositorios/Parcial-Rondini-Objetos","timestamp":"2024-12-07T15:25:46.340Z"}
{"level":"info","message":"⌛ Validating file:///c%3A/Users/usuario/Desktop/parcialRondiniObjetos/rondini/parcialtest.wtest","timeElapsed":126,"timestamp":"2024-12-07T15:25:46.590Z"}
{"level":"info","message":"onRequest - STRONG_FILES_CHANGED:c:\\Users\\usuario\\Desktop\\parcialRondiniObjetos\\rondini\\parcialtest.wtest","timestamp":"2024-12-07T15:25:49.677Z"}
{"level":"info","message":"⌛ Building environment","timeElapsed":138,"timestamp":"2024-12-07T15:25:49.816Z"}
{"level":"info","message":"⌛ Building environment","timeElapsed":122,"timestamp":"2024-12-07T15:25:49.938Z"}
{"level":"info","message":"⌛ Validating parcialtest.wtest","timeElapsed":149,"timestamp":"2024-12-07T15:25:50.088Z"}
{"level":"info","message":"Removing diagnostics from \\Users\\usuario\\Desktop\\parcialRondiniObjetos\\rondini\\parcialtest.wtest","timestamp":"2024-12-07T15:25:50.088Z"}
{"level":"info","message":"onRequest - WORKSPACE_URI:file:///c%3A/Users/usuario/Desktop/Facultad/Repositorios/Parcial-Rondini-Objetos","timestamp":"2024-12-07T15:25:50.089Z"}
{"level":"info","message":"⌛ Validating parcialtest.wtest","timeElapsed":121,"timestamp":"2024-12-07T15:25:52.397Z"}
